2015-08-24 22:17:21,697 - Velocimacro : autoload off  : VM system will not automatically reload global library macros
2015-08-24 22:17:21,697 - Velocimacro : initialization complete.
2015-08-24 22:17:21,697 - Velocity successfully started.
2015-08-24 22:17:25,783 - ResourceManager : found template/ejb//EJBService.vm with loader org.apache.velocity.runtime.resource.loader.ClasspathResourceLoader
2015-08-24 22:17:25,787 - ResourceManager : found template/ejb//EJBRemoteHome.vm with loader org.apache.velocity.runtime.resource.loader.ClasspathResourceLoader
2015-08-24 22:17:25,789 - ResourceManager : found template/ejb//EJBRemote.vm with loader org.apache.velocity.runtime.resource.loader.ClasspathResourceLoader
2015-08-24 22:17:25,792 - ResourceManager : found template/ejb//EJBClient.vm with loader org.apache.velocity.runtime.resource.loader.ClasspathResourceLoader
2015-08-24 22:17:50,145 - SimpleLog4JLogSystem initialized using logfile 'velocity.log'
2015-08-24 22:17:50,145 - ************************************************************** 
2015-08-24 22:17:50,145 - Starting Jakarta Velocity v1.4-rc1
2015-08-24 22:17:50,145 - RuntimeInstance initializing.
2015-08-24 22:17:50,145 - Default Properties File: org/apache/velocity/runtime/defaults/velocity.properties
2015-08-24 22:17:50,145 - Trying to use logger class org.apache.velocity.runtime.log.AvalonLogSystem
2015-08-24 22:17:50,145 - Couldn't find class org.apache.velocity.runtime.log.AvalonLogSystem or necessary supporting classes in classpath. Exception : java.lang.NoClassDefFoundError: org/apache/log/format/Formatter
2015-08-24 22:17:50,145 - Trying to use logger class org.apache.velocity.runtime.log.SimpleLog4JLogSystem
2015-08-24 22:17:50,145 - Using logger class org.apache.velocity.runtime.log.SimpleLog4JLogSystem
2015-08-24 22:17:50,147 - Default ResourceManager initializing. (class org.apache.velocity.runtime.resource.ResourceManagerImpl)
2015-08-24 22:17:50,148 - Resource Loader Instantiated: org.apache.velocity.runtime.resource.loader.ClasspathResourceLoader
2015-08-24 22:17:50,148 - ClasspathResourceLoader : initialization starting.
2015-08-24 22:17:50,148 - ClasspathResourceLoader : initialization complete.
2015-08-24 22:17:50,150 - ResourceCache : initialized. (class org.apache.velocity.runtime.resource.ResourceCacheImpl)
2015-08-24 22:17:50,150 - Default ResourceManager initialization complete.
2015-08-24 22:17:50,151 - Loaded System Directive: org.apache.velocity.runtime.directive.Literal
2015-08-24 22:17:50,152 - Loaded System Directive: org.apache.velocity.runtime.directive.Macro
2015-08-24 22:17:50,154 - Loaded System Directive: org.apache.velocity.runtime.directive.Parse
2015-08-24 22:17:50,155 - Loaded System Directive: org.apache.velocity.runtime.directive.Include
2015-08-24 22:17:50,156 - Loaded System Directive: org.apache.velocity.runtime.directive.Foreach
2015-08-24 22:17:50,178 - Created: 20 parsers.
2015-08-24 22:17:50,183 - Velocimacro : initialization starting.
2015-08-24 22:17:50,183 - Velocimacro : adding VMs from VM library template : VM_global_library.vm
2015-08-24 22:17:50,186 - ResourceManager : unable to find resource 'VM_global_library.vm' in any resource loader.
2015-08-24 22:17:50,186 - Velocimacro : error using  VM library template VM_global_library.vm : org.apache.velocity.exception.ResourceNotFoundException: Unable to find resource 'VM_global_library.vm'
2015-08-24 22:17:50,186 - Velocimacro :  VM library template macro registration complete.
2015-08-24 22:17:50,186 - Velocimacro : allowInline = true : VMs can be defined inline in templates
2015-08-24 22:17:50,186 - Velocimacro : allowInlineToOverride = false : VMs defined inline may NOT replace previous VM definitions
2015-08-24 22:17:50,187 - Velocimacro : allowInlineLocal = false : VMs defined inline will be  global in scope if allowed.
2015-08-24 22:17:50,187 - Velocimacro : messages on  : VM system will output logging messages
2015-08-24 22:17:50,187 - Velocimacro : autoload off  : VM system will not automatically reload global library macros
2015-08-24 22:17:50,187 - Velocimacro : initialization complete.
2015-08-24 22:17:50,187 - Velocity successfully started.
2015-08-24 22:17:50,632 - ResourceManager : found template/ejb//EJBService.vm with loader org.apache.velocity.runtime.resource.loader.ClasspathResourceLoader
2015-08-24 22:17:50,635 - ResourceManager : found template/ejb//EJBRemoteHome.vm with loader org.apache.velocity.runtime.resource.loader.ClasspathResourceLoader
2015-08-24 22:17:50,637 - ResourceManager : found template/ejb//EJBRemote.vm with loader org.apache.velocity.runtime.resource.loader.ClasspathResourceLoader
2015-08-24 22:17:50,640 - ResourceManager : found template/ejb//EJBClient.vm with loader org.apache.velocity.runtime.resource.loader.ClasspathResourceLoader
2015-08-24 22:18:08,845 - SimpleLog4JLogSystem initialized using logfile 'velocity.log'
2015-08-24 22:18:08,846 - ************************************************************** 
2015-08-24 22:18:08,846 - Starting Jakarta Velocity v1.4-rc1
2015-08-24 22:18:08,846 - RuntimeInstance initializing.
2015-08-24 22:18:08,846 - Default Properties File: org/apache/velocity/runtime/defaults/velocity.properties
2015-08-24 22:18:08,846 - Trying to use logger class org.apache.velocity.runtime.log.AvalonLogSystem
2015-08-24 22:18:08,846 - Couldn't find class org.apache.velocity.runtime.log.AvalonLogSystem or necessary supporting classes in classpath. Exception : java.lang.NoClassDefFoundError: org/apache/log/format/Formatter
2015-08-24 22:18:08,846 - Trying to use logger class org.apache.velocity.runtime.log.SimpleLog4JLogSystem
2015-08-24 22:18:08,846 - Using logger class org.apache.velocity.runtime.log.SimpleLog4JLogSystem
2015-08-24 22:18:08,848 - Default ResourceManager initializing. (class org.apache.velocity.runtime.resource.ResourceManagerImpl)
2015-08-24 22:18:08,849 - Resource Loader Instantiated: org.apache.velocity.runtime.resource.loader.ClasspathResourceLoader
2015-08-24 22:18:08,849 - ClasspathResourceLoader : initialization starting.
2015-08-24 22:18:08,849 - ClasspathResourceLoader : initialization complete.
2015-08-24 22:18:08,850 - ResourceCache : initialized. (class org.apache.velocity.runtime.resource.ResourceCacheImpl)
2015-08-24 22:18:08,850 - Default ResourceManager initialization complete.
2015-08-24 22:18:08,851 - Loaded System Directive: org.apache.velocity.runtime.directive.Literal
2015-08-24 22:18:08,852 - Loaded System Directive: org.apache.velocity.runtime.directive.Macro
2015-08-24 22:18:08,854 - Loaded System Directive: org.apache.velocity.runtime.directive.Parse
2015-08-24 22:18:08,855 - Loaded System Directive: org.apache.velocity.runtime.directive.Include
2015-08-24 22:18:08,856 - Loaded System Directive: org.apache.velocity.runtime.directive.Foreach
2015-08-24 22:18:08,877 - Created: 20 parsers.
2015-08-24 22:18:08,882 - Velocimacro : initialization starting.
2015-08-24 22:18:08,882 - Velocimacro : adding VMs from VM library template : VM_global_library.vm
2015-08-24 22:18:08,885 - ResourceManager : unable to find resource 'VM_global_library.vm' in any resource loader.
2015-08-24 22:18:08,885 - Velocimacro : error using  VM library template VM_global_library.vm : org.apache.velocity.exception.ResourceNotFoundException: Unable to find resource 'VM_global_library.vm'
2015-08-24 22:18:08,885 - Velocimacro :  VM library template macro registration complete.
2015-08-24 22:18:08,885 - Velocimacro : allowInline = true : VMs can be defined inline in templates
2015-08-24 22:18:08,885 - Velocimacro : allowInlineToOverride = false : VMs defined inline may NOT replace previous VM definitions
2015-08-24 22:18:08,885 - Velocimacro : allowInlineLocal = false : VMs defined inline will be  global in scope if allowed.
2015-08-24 22:18:08,885 - Velocimacro : messages on  : VM system will output logging messages
2015-08-24 22:18:08,885 - Velocimacro : autoload off  : VM system will not automatically reload global library macros
2015-08-24 22:18:08,885 - Velocimacro : initialization complete.
2015-08-24 22:18:08,885 - Velocity successfully started.
2015-08-24 22:18:09,266 - ResourceManager : found template/ejb//EJBService.vm with loader org.apache.velocity.runtime.resource.loader.ClasspathResourceLoader
2015-08-24 22:18:09,268 - ResourceManager : found template/ejb//EJBRemoteHome.vm with loader org.apache.velocity.runtime.resource.loader.ClasspathResourceLoader
2015-08-24 22:18:09,270 - ResourceManager : found template/ejb//EJBRemote.vm with loader org.apache.velocity.runtime.resource.loader.ClasspathResourceLoader
2015-08-24 22:18:09,273 - ResourceManager : found template/ejb//EJBClient.vm with loader org.apache.velocity.runtime.resource.loader.ClasspathResourceLoader
2015-08-24 22:18:36,094 - SimpleLog4JLogSystem initialized using logfile 'velocity.log'
2015-08-24 22:18:36,094 - ************************************************************** 
2015-08-24 22:18:36,094 - Starting Jakarta Velocity v1.4-rc1
2015-08-24 22:18:36,094 - RuntimeInstance initializing.
2015-08-24 22:18:36,094 - Default Properties File: org/apache/velocity/runtime/defaults/velocity.properties
2015-08-24 22:18:36,094 - Trying to use logger class org.apache.velocity.runtime.log.AvalonLogSystem
2015-08-24 22:18:36,094 - Couldn't find class org.apache.velocity.runtime.log.AvalonLogSystem or necessary supporting classes in classpath. Exception : java.lang.NoClassDefFoundError: org/apache/log/format/Formatter
2015-08-24 22:18:36,094 - Trying to use logger class org.apache.velocity.runtime.log.SimpleLog4JLogSystem
2015-08-24 22:18:36,094 - Using logger class org.apache.velocity.runtime.log.SimpleLog4JLogSystem
2015-08-24 22:18:36,097 - Default ResourceManager initializing. (class org.apache.velocity.runtime.resource.ResourceManagerImpl)
2015-08-24 22:18:36,098 - Resource Loader Instantiated: org.apache.velocity.runtime.resource.loader.ClasspathResourceLoader
2015-08-24 22:18:36,098 - ClasspathResourceLoader : initialization starting.
2015-08-24 22:18:36,098 - ClasspathResourceLoader : initialization complete.
2015-08-24 22:18:36,099 - ResourceCache : initialized. (class org.apache.velocity.runtime.resource.ResourceCacheImpl)
2015-08-24 22:18:36,099 - Default ResourceManager initialization complete.
2015-08-24 22:18:36,101 - Loaded System Directive: org.apache.velocity.runtime.directive.Literal
2015-08-24 22:18:36,102 - Loaded System Directive: org.apache.velocity.runtime.directive.Macro
2015-08-24 22:18:36,104 - Loaded System Directive: org.apache.velocity.runtime.directive.Parse
2015-08-24 22:18:36,106 - Loaded System Directive: org.apache.velocity.runtime.directive.Include
2015-08-24 22:18:36,107 - Loaded System Directive: org.apache.velocity.runtime.directive.Foreach
2015-08-24 22:18:36,135 - Created: 20 parsers.
2015-08-24 22:18:36,142 - Velocimacro : initialization starting.
2015-08-24 22:18:36,142 - Velocimacro : adding VMs from VM library template : VM_global_library.vm
2015-08-24 22:18:36,147 - ResourceManager : unable to find resource 'VM_global_library.vm' in any resource loader.
2015-08-24 22:18:36,147 - Velocimacro : error using  VM library template VM_global_library.vm : org.apache.velocity.exception.ResourceNotFoundException: Unable to find resource 'VM_global_library.vm'
2015-08-24 22:18:36,147 - Velocimacro :  VM library template macro registration complete.
2015-08-24 22:18:36,147 - Velocimacro : allowInline = true : VMs can be defined inline in templates
2015-08-24 22:18:36,147 - Velocimacro : allowInlineToOverride = false : VMs defined inline may NOT replace previous VM definitions
2015-08-24 22:18:36,147 - Velocimacro : allowInlineLocal = false : VMs defined inline will be  global in scope if allowed.
2015-08-24 22:18:36,147 - Velocimacro : messages on  : VM system will output logging messages
2015-08-24 22:18:36,147 - Velocimacro : autoload off  : VM system will not automatically reload global library macros
2015-08-24 22:18:36,147 - Velocimacro : initialization complete.
2015-08-24 22:18:36,147 - Velocity successfully started.
2015-08-24 22:18:36,412 - ResourceManager : found template/ejb//EJBService.vm with loader org.apache.velocity.runtime.resource.loader.ClasspathResourceLoader
2015-08-24 22:18:36,416 - ResourceManager : found template/ejb//EJBRemoteHome.vm with loader org.apache.velocity.runtime.resource.loader.ClasspathResourceLoader
2015-08-24 22:18:36,420 - ResourceManager : found template/ejb//EJBRemote.vm with loader org.apache.velocity.runtime.resource.loader.ClasspathResourceLoader
2015-08-24 22:18:36,423 - ResourceManager : found template/ejb//EJBClient.vm with loader org.apache.velocity.runtime.resource.loader.ClasspathResourceLoader
2015-08-24 22:19:00,649 - SimpleLog4JLogSystem initialized using logfile 'velocity.log'
2015-08-24 22:19:00,650 - ************************************************************** 
2015-08-24 22:19:00,650 - Starting Jakarta Velocity v1.4-rc1
2015-08-24 22:19:00,650 - RuntimeInstance initializing.
2015-08-24 22:19:00,650 - Default Properties File: org/apache/velocity/runtime/defaults/velocity.properties
2015-08-24 22:19:00,650 - Trying to use logger class org.apache.velocity.runtime.log.AvalonLogSystem
2015-08-24 22:19:00,650 - Couldn't find class org.apache.velocity.runtime.log.AvalonLogSystem or necessary supporting classes in classpath. Exception : java.lang.NoClassDefFoundError: org/apache/log/format/Formatter
2015-08-24 22:19:00,650 - Trying to use logger class org.apache.velocity.runtime.log.SimpleLog4JLogSystem
2015-08-24 22:19:00,650 - Using logger class org.apache.velocity.runtime.log.SimpleLog4JLogSystem
2015-08-24 22:19:00,652 - Default ResourceManager initializing. (class org.apache.velocity.runtime.resource.ResourceManagerImpl)
2015-08-24 22:19:00,653 - Resource Loader Instantiated: org.apache.velocity.runtime.resource.loader.ClasspathResourceLoader
2015-08-24 22:19:00,653 - ClasspathResourceLoader : initialization starting.
2015-08-24 22:19:00,653 - ClasspathResourceLoader : initialization complete.
2015-08-24 22:19:00,654 - ResourceCache : initialized. (class org.apache.velocity.runtime.resource.ResourceCacheImpl)
2015-08-24 22:19:00,655 - Default ResourceManager initialization complete.
2015-08-24 22:19:00,656 - Loaded System Directive: org.apache.velocity.runtime.directive.Literal
2015-08-24 22:19:00,657 - Loaded System Directive: org.apache.velocity.runtime.directive.Macro
2015-08-24 22:19:00,659 - Loaded System Directive: org.apache.velocity.runtime.directive.Parse
2015-08-24 22:19:00,661 - Loaded System Directive: org.apache.velocity.runtime.directive.Include
2015-08-24 22:19:00,661 - Loaded System Directive: org.apache.velocity.runtime.directive.Foreach
2015-08-24 22:19:00,685 - Created: 20 parsers.
2015-08-24 22:19:00,691 - Velocimacro : initialization starting.
2015-08-24 22:19:00,691 - Velocimacro : adding VMs from VM library template : VM_global_library.vm
2015-08-24 22:19:00,694 - ResourceManager : unable to find resource 'VM_global_library.vm' in any resource loader.
2015-08-24 22:19:00,694 - Velocimacro : error using  VM library template VM_global_library.vm : org.apache.velocity.exception.ResourceNotFoundException: Unable to find resource 'VM_global_library.vm'
2015-08-24 22:19:00,694 - Velocimacro :  VM library template macro registration complete.
2015-08-24 22:19:00,694 - Velocimacro : allowInline = true : VMs can be defined inline in templates
2015-08-24 22:19:00,694 - Velocimacro : allowInlineToOverride = false : VMs defined inline may NOT replace previous VM definitions
2015-08-24 22:19:00,694 - Velocimacro : allowInlineLocal = false : VMs defined inline will be  global in scope if allowed.
2015-08-24 22:19:00,694 - Velocimacro : messages on  : VM system will output logging messages
2015-08-24 22:19:00,694 - Velocimacro : autoload off  : VM system will not automatically reload global library macros
2015-08-24 22:19:00,694 - Velocimacro : initialization complete.
2015-08-24 22:19:00,694 - Velocity successfully started.
2015-08-24 22:19:00,926 - ResourceManager : found template/ejb//EJBService.vm with loader org.apache.velocity.runtime.resource.loader.ClasspathResourceLoader
2015-08-24 22:19:00,930 - ResourceManager : found template/ejb//EJBRemoteHome.vm with loader org.apache.velocity.runtime.resource.loader.ClasspathResourceLoader
2015-08-24 22:19:00,932 - ResourceManager : found template/ejb//EJBRemote.vm with loader org.apache.velocity.runtime.resource.loader.ClasspathResourceLoader
2015-08-24 22:19:00,935 - ResourceManager : found template/ejb//EJBClient.vm with loader org.apache.velocity.runtime.resource.loader.ClasspathResourceLoader
2015-08-24 22:26:41,621 - SimpleLog4JLogSystem initialized using logfile 'velocity.log'
2015-08-24 22:26:41,621 - ************************************************************** 
2015-08-24 22:26:41,622 - Starting Jakarta Velocity v1.4-rc1
2015-08-24 22:26:41,622 - RuntimeInstance initializing.
2015-08-24 22:26:41,622 - Default Properties File: org/apache/velocity/runtime/defaults/velocity.properties
2015-08-24 22:26:41,622 - Trying to use logger class org.apache.velocity.runtime.log.AvalonLogSystem
2015-08-24 22:26:41,622 - Couldn't find class org.apache.velocity.runtime.log.AvalonLogSystem or necessary supporting classes in classpath. Exception : java.lang.NoClassDefFoundError: org/apache/log/format/Formatter
2015-08-24 22:26:41,622 - Trying to use logger class org.apache.velocity.runtime.log.SimpleLog4JLogSystem
2015-08-24 22:26:41,622 - Using logger class org.apache.velocity.runtime.log.SimpleLog4JLogSystem
2015-08-24 22:26:41,624 - Default ResourceManager initializing. (class org.apache.velocity.runtime.resource.ResourceManagerImpl)
2015-08-24 22:26:41,625 - Resource Loader Instantiated: org.apache.velocity.runtime.resource.loader.ClasspathResourceLoader
2015-08-24 22:26:41,625 - ClasspathResourceLoader : initialization starting.
2015-08-24 22:26:41,625 - ClasspathResourceLoader : initialization complete.
2015-08-24 22:26:41,627 - ResourceCache : initialized. (class org.apache.velocity.runtime.resource.ResourceCacheImpl)
2015-08-24 22:26:41,627 - Default ResourceManager initialization complete.
2015-08-24 22:26:41,628 - Loaded System Directive: org.apache.velocity.runtime.directive.Literal
2015-08-24 22:26:41,630 - Loaded System Directive: org.apache.velocity.runtime.directive.Macro
2015-08-24 22:26:41,632 - Loaded System Directive: org.apache.velocity.runtime.directive.Parse
2015-08-24 22:26:41,633 - Loaded System Directive: org.apache.velocity.runtime.directive.Include
2015-08-24 22:26:41,634 - Loaded System Directive: org.apache.velocity.runtime.directive.Foreach
2015-08-24 22:26:41,657 - Created: 20 parsers.
2015-08-24 22:26:41,664 - Velocimacro : initialization starting.
2015-08-24 22:26:41,664 - Velocimacro : adding VMs from VM library template : VM_global_library.vm
2015-08-24 22:26:41,668 - ResourceManager : unable to find resource 'VM_global_library.vm' in any resource loader.
2015-08-24 22:26:41,668 - Velocimacro : error using  VM library template VM_global_library.vm : org.apache.velocity.exception.ResourceNotFoundException: Unable to find resource 'VM_global_library.vm'
2015-08-24 22:26:41,668 - Velocimacro :  VM library template macro registration complete.
2015-08-24 22:26:41,668 - Velocimacro : allowInline = true : VMs can be defined inline in templates
2015-08-24 22:26:41,668 - Velocimacro : allowInlineToOverride = false : VMs defined inline may NOT replace previous VM definitions
2015-08-24 22:26:41,668 - Velocimacro : allowInlineLocal = false : VMs defined inline will be  global in scope if allowed.
2015-08-24 22:26:41,668 - Velocimacro : messages on  : VM system will output logging messages
2015-08-24 22:26:41,668 - Velocimacro : autoload off  : VM system will not automatically reload global library macros
2015-08-24 22:26:41,668 - Velocimacro : initialization complete.
2015-08-24 22:26:41,668 - Velocity successfully started.
2015-08-24 22:26:41,996 - ResourceManager : found template/ejb//EJBService.vm with loader org.apache.velocity.runtime.resource.loader.ClasspathResourceLoader
2015-08-24 22:26:42,000 - ResourceManager : found template/ejb//EJBRemoteHome.vm with loader org.apache.velocity.runtime.resource.loader.ClasspathResourceLoader
2015-08-24 22:26:42,003 - ResourceManager : found template/ejb//EJBRemote.vm with loader org.apache.velocity.runtime.resource.loader.ClasspathResourceLoader
2015-08-24 22:26:42,005 - ResourceManager : found template/ejb//EJBClient.vm with loader org.apache.velocity.runtime.resource.loader.ClasspathResourceLoader
2015-08-24 22:27:02,957 - SimpleLog4JLogSystem initialized using logfile 'velocity.log'
2015-08-24 22:27:02,957 - ************************************************************** 
2015-08-24 22:27:02,957 - Starting Jakarta Velocity v1.4-rc1
2015-08-24 22:27:02,957 - RuntimeInstance initializing.
2015-08-24 22:27:02,957 - Default Properties File: org/apache/velocity/runtime/defaults/velocity.properties
2015-08-24 22:27:02,957 - Trying to use logger class org.apache.velocity.runtime.log.AvalonLogSystem
2015-08-24 22:27:02,957 - Couldn't find class org.apache.velocity.runtime.log.AvalonLogSystem or necessary supporting classes in classpath. Exception : java.lang.NoClassDefFoundError: org/apache/log/format/Formatter
2015-08-24 22:27:02,957 - Trying to use logger class org.apache.velocity.runtime.log.SimpleLog4JLogSystem
2015-08-24 22:27:02,957 - Using logger class org.apache.velocity.runtime.log.SimpleLog4JLogSystem
2015-08-24 22:27:02,959 - Default ResourceManager initializing. (class org.apache.velocity.runtime.resource.ResourceManagerImpl)
2015-08-24 22:27:02,960 - Resource Loader Instantiated: org.apache.velocity.runtime.resource.loader.ClasspathResourceLoader
2015-08-24 22:27:02,960 - ClasspathResourceLoader : initialization starting.
2015-08-24 22:27:02,960 - ClasspathResourceLoader : initialization complete.
2015-08-24 22:27:02,961 - ResourceCache : initialized. (class org.apache.velocity.runtime.resource.ResourceCacheImpl)
2015-08-24 22:27:02,961 - Default ResourceManager initialization complete.
2015-08-24 22:27:02,962 - Loaded System Directive: org.apache.velocity.runtime.directive.Literal
2015-08-24 22:27:02,963 - Loaded System Directive: org.apache.velocity.runtime.directive.Macro
2015-08-24 22:27:02,965 - Loaded System Directive: org.apache.velocity.runtime.directive.Parse
2015-08-24 22:27:02,966 - Loaded System Directive: org.apache.velocity.runtime.directive.Include
2015-08-24 22:27:02,967 - Loaded System Directive: org.apache.velocity.runtime.directive.Foreach
2015-08-24 22:27:02,987 - Created: 20 parsers.
2015-08-24 22:27:02,992 - Velocimacro : initialization starting.
2015-08-24 22:27:02,992 - Velocimacro : adding VMs from VM library template : VM_global_library.vm
2015-08-24 22:27:02,995 - ResourceManager : unable to find resource 'VM_global_library.vm' in any resource loader.
2015-08-24 22:27:02,995 - Velocimacro : error using  VM library template VM_global_library.vm : org.apache.velocity.exception.ResourceNotFoundException: Unable to find resource 'VM_global_library.vm'
2015-08-24 22:27:02,995 - Velocimacro :  VM library template macro registration complete.
2015-08-24 22:27:02,995 - Velocimacro : allowInline = true : VMs can be defined inline in templates
2015-08-24 22:27:02,995 - Velocimacro : allowInlineToOverride = false : VMs defined inline may NOT replace previous VM definitions
2015-08-24 22:27:02,995 - Velocimacro : allowInlineLocal = false : VMs defined inline will be  global in scope if allowed.
2015-08-24 22:27:02,995 - Velocimacro : messages on  : VM system will output logging messages
2015-08-24 22:27:02,995 - Velocimacro : autoload off  : VM system will not automatically reload global library macros
2015-08-24 22:27:02,996 - Velocimacro : initialization complete.
2015-08-24 22:27:02,996 - Velocity successfully started.
2015-08-24 22:27:03,201 - ResourceManager : found template/ejb//EJBService.vm with loader org.apache.velocity.runtime.resource.loader.ClasspathResourceLoader
2015-08-24 22:27:03,204 - ResourceManager : found template/ejb//EJBRemoteHome.vm with loader org.apache.velocity.runtime.resource.loader.ClasspathResourceLoader
2015-08-24 22:27:03,206 - ResourceManager : found template/ejb//EJBRemote.vm with loader org.apache.velocity.runtime.resource.loader.ClasspathResourceLoader
2015-08-24 22:27:03,209 - ResourceManager : found template/ejb//EJBClient.vm with loader org.apache.velocity.runtime.resource.loader.ClasspathResourceLoader
2015-08-24 22:27:25,114 - SimpleLog4JLogSystem initialized using logfile 'velocity.log'
2015-08-24 22:27:25,114 - ************************************************************** 
2015-08-24 22:27:25,115 - Starting Jakarta Velocity v1.4-rc1
2015-08-24 22:27:25,115 - RuntimeInstance initializing.
2015-08-24 22:27:25,115 - Default Properties File: org/apache/velocity/runtime/defaults/velocity.properties
2015-08-24 22:27:25,115 - Trying to use logger class org.apache.velocity.runtime.log.AvalonLogSystem
2015-08-24 22:27:25,115 - Couldn't find class org.apache.velocity.runtime.log.AvalonLogSystem or necessary supporting classes in classpath. Exception : java.lang.NoClassDefFoundError: org/apache/log/format/Formatter
2015-08-24 22:27:25,115 - Trying to use logger class org.apache.velocity.runtime.log.SimpleLog4JLogSystem
2015-08-24 22:27:25,115 - Using logger class org.apache.velocity.runtime.log.SimpleLog4JLogSystem
2015-08-24 22:27:25,117 - Default ResourceManager initializing. (class org.apache.velocity.runtime.resource.ResourceManagerImpl)
2015-08-24 22:27:25,118 - Resource Loader Instantiated: org.apache.velocity.runtime.resource.loader.ClasspathResourceLoader
2015-08-24 22:27:25,118 - ClasspathResourceLoader : initialization starting.
2015-08-24 22:27:25,118 - ClasspathResourceLoader : initialization complete.
2015-08-24 22:27:25,120 - ResourceCache : initialized. (class org.apache.velocity.runtime.resource.ResourceCacheImpl)
2015-08-24 22:27:25,120 - Default ResourceManager initialization complete.
2015-08-24 22:27:25,121 - Loaded System Directive: org.apache.velocity.runtime.directive.Literal
2015-08-24 22:27:25,122 - Loaded System Directive: org.apache.velocity.runtime.directive.Macro
2015-08-24 22:27:25,124 - Loaded System Directive: org.apache.velocity.runtime.directive.Parse
2015-08-24 22:27:25,126 - Loaded System Directive: org.apache.velocity.runtime.directive.Include
2015-08-24 22:27:25,127 - Loaded System Directive: org.apache.velocity.runtime.directive.Foreach
2015-08-24 22:27:25,152 - Created: 20 parsers.
2015-08-24 22:27:25,158 - Velocimacro : initialization starting.
2015-08-24 22:27:25,158 - Velocimacro : adding VMs from VM library template : VM_global_library.vm
2015-08-24 22:27:25,161 - ResourceManager : unable to find resource 'VM_global_library.vm' in any resource loader.
2015-08-24 22:27:25,161 - Velocimacro : error using  VM library template VM_global_library.vm : org.apache.velocity.exception.ResourceNotFoundException: Unable to find resource 'VM_global_library.vm'
2015-08-24 22:27:25,161 - Velocimacro :  VM library template macro registration complete.
2015-08-24 22:27:25,161 - Velocimacro : allowInline = true : VMs can be defined inline in templates
2015-08-24 22:27:25,162 - Velocimacro : allowInlineToOverride = false : VMs defined inline may NOT replace previous VM definitions
2015-08-24 22:27:25,162 - Velocimacro : allowInlineLocal = false : VMs defined inline will be  global in scope if allowed.
2015-08-24 22:27:25,162 - Velocimacro : messages on  : VM system will output logging messages
2015-08-24 22:27:25,162 - Velocimacro : autoload off  : VM system will not automatically reload global library macros
2015-08-24 22:27:25,162 - Velocimacro : initialization complete.
2015-08-24 22:27:25,162 - Velocity successfully started.
2015-08-24 22:27:26,279 - ResourceManager : found template/ejb//EJBService.vm with loader org.apache.velocity.runtime.resource.loader.ClasspathResourceLoader
2015-08-24 22:27:26,282 - ResourceManager : found template/ejb//EJBRemoteHome.vm with loader org.apache.velocity.runtime.resource.loader.ClasspathResourceLoader
2015-08-24 22:27:26,284 - ResourceManager : found template/ejb//EJBRemote.vm with loader org.apache.velocity.runtime.resource.loader.ClasspathResourceLoader
2015-08-24 22:27:26,287 - ResourceManager : found template/ejb//EJBClient.vm with loader org.apache.velocity.runtime.resource.loader.ClasspathResourceLoader
2015-08-24 22:27:56,216 - SimpleLog4JLogSystem initialized using logfile 'velocity.log'
2015-08-24 22:27:56,216 - ************************************************************** 
2015-08-24 22:27:56,216 - Starting Jakarta Velocity v1.4-rc1
2015-08-24 22:27:56,216 - RuntimeInstance initializing.
2015-08-24 22:27:56,216 - Default Properties File: org/apache/velocity/runtime/defaults/velocity.properties
2015-08-24 22:27:56,216 - Trying to use logger class org.apache.velocity.runtime.log.AvalonLogSystem
2015-08-24 22:27:56,216 - Couldn't find class org.apache.velocity.runtime.log.AvalonLogSystem or necessary supporting classes in classpath. Exception : java.lang.NoClassDefFoundError: org/apache/log/format/Formatter
2015-08-24 22:27:56,216 - Trying to use logger class org.apache.velocity.runtime.log.SimpleLog4JLogSystem
2015-08-24 22:27:56,216 - Using logger class org.apache.velocity.runtime.log.SimpleLog4JLogSystem
2015-08-24 22:27:56,219 - Default ResourceManager initializing. (class org.apache.velocity.runtime.resource.ResourceManagerImpl)
2015-08-24 22:27:56,219 - Resource Loader Instantiated: org.apache.velocity.runtime.resource.loader.ClasspathResourceLoader
2015-08-24 22:27:56,220 - ClasspathResourceLoader : initialization starting.
2015-08-24 22:27:56,220 - ClasspathResourceLoader : initialization complete.
2015-08-24 22:27:56,221 - ResourceCache : initialized. (class org.apache.velocity.runtime.resource.ResourceCacheImpl)
2015-08-24 22:27:56,221 - Default ResourceManager initialization complete.
2015-08-24 22:27:56,222 - Loaded System Directive: org.apache.velocity.runtime.directive.Literal
2015-08-24 22:27:56,223 - Loaded System Directive: org.apache.velocity.runtime.directive.Macro
2015-08-24 22:27:56,226 - Loaded System Directive: org.apache.velocity.runtime.directive.Parse
2015-08-24 22:27:56,227 - Loaded System Directive: org.apache.velocity.runtime.directive.Include
2015-08-24 22:27:56,228 - Loaded System Directive: org.apache.velocity.runtime.directive.Foreach
2015-08-24 22:27:56,253 - Created: 20 parsers.
2015-08-24 22:27:56,259 - Velocimacro : initialization starting.
2015-08-24 22:27:56,259 - Velocimacro : adding VMs from VM library template : VM_global_library.vm
2015-08-24 22:27:56,262 - ResourceManager : unable to find resource 'VM_global_library.vm' in any resource loader.
2015-08-24 22:27:56,262 - Velocimacro : error using  VM library template VM_global_library.vm : org.apache.velocity.exception.ResourceNotFoundException: Unable to find resource 'VM_global_library.vm'
2015-08-24 22:27:56,262 - Velocimacro :  VM library template macro registration complete.
2015-08-24 22:27:56,262 - Velocimacro : allowInline = true : VMs can be defined inline in templates
2015-08-24 22:27:56,262 - Velocimacro : allowInlineToOverride = false : VMs defined inline may NOT replace previous VM definitions
2015-08-24 22:27:56,262 - Velocimacro : allowInlineLocal = false : VMs defined inline will be  global in scope if allowed.
2015-08-24 22:27:56,262 - Velocimacro : messages on  : VM system will output logging messages
2015-08-24 22:27:56,263 - Velocimacro : autoload off  : VM system will not automatically reload global library macros
2015-08-24 22:27:56,263 - Velocimacro : initialization complete.
2015-08-24 22:27:56,263 - Velocity successfully started.
2015-08-24 22:27:56,701 - ResourceManager : found template/ejb//EJBService.vm with loader org.apache.velocity.runtime.resource.loader.ClasspathResourceLoader
2015-08-24 22:27:56,704 - ResourceManager : found template/ejb//EJBRemoteHome.vm with loader org.apache.velocity.runtime.resource.loader.ClasspathResourceLoader
2015-08-24 22:27:56,707 - ResourceManager : found template/ejb//EJBRemote.vm with loader org.apache.velocity.runtime.resource.loader.ClasspathResourceLoader
2015-08-24 22:27:56,709 - ResourceManager : found template/ejb//EJBClient.vm with loader org.apache.velocity.runtime.resource.loader.ClasspathResourceLoader
2015-08-24 22:28:18,720 - SimpleLog4JLogSystem initialized using logfile 'velocity.log'
2015-08-24 22:28:18,721 - ************************************************************** 
2015-08-24 22:28:18,721 - Starting Jakarta Velocity v1.4-rc1
2015-08-24 22:28:18,721 - RuntimeInstance initializing.
2015-08-24 22:28:18,721 - Default Properties File: org/apache/velocity/runtime/defaults/velocity.properties
2015-08-24 22:28:18,721 - Trying to use logger class org.apache.velocity.runtime.log.AvalonLogSystem
2015-08-24 22:28:18,721 - Couldn't find class org.apache.velocity.runtime.log.AvalonLogSystem or necessary supporting classes in classpath. Exception : java.lang.NoClassDefFoundError: org/apache/log/format/Formatter
2015-08-24 22:28:18,721 - Trying to use logger class org.apache.velocity.runtime.log.SimpleLog4JLogSystem
2015-08-24 22:28:18,721 - Using logger class org.apache.velocity.runtime.log.SimpleLog4JLogSystem
2015-08-24 22:28:18,724 - Default ResourceManager initializing. (class org.apache.velocity.runtime.resource.ResourceManagerImpl)
2015-08-24 22:28:18,725 - Resource Loader Instantiated: org.apache.velocity.runtime.resource.loader.ClasspathResourceLoader
2015-08-24 22:28:18,725 - ClasspathResourceLoader : initialization starting.
2015-08-24 22:28:18,725 - ClasspathResourceLoader : initialization complete.
2015-08-24 22:28:18,726 - ResourceCache : initialized. (class org.apache.velocity.runtime.resource.ResourceCacheImpl)
2015-08-24 22:28:18,726 - Default ResourceManager initialization complete.
2015-08-24 22:28:18,727 - Loaded System Directive: org.apache.velocity.runtime.directive.Literal
2015-08-24 22:28:18,729 - Loaded System Directive: org.apache.velocity.runtime.directive.Macro
2015-08-24 22:28:18,731 - Loaded System Directive: org.apache.velocity.runtime.directive.Parse
2015-08-24 22:28:18,732 - Loaded System Directive: org.apache.velocity.runtime.directive.Include
2015-08-24 22:28:18,733 - Loaded System Directive: org.apache.velocity.runtime.directive.Foreach
2015-08-24 22:28:18,757 - Created: 20 parsers.
2015-08-24 22:28:18,762 - Velocimacro : initialization starting.
2015-08-24 22:28:18,762 - Velocimacro : adding VMs from VM library template : VM_global_library.vm
2015-08-24 22:28:18,766 - ResourceManager : unable to find resource 'VM_global_library.vm' in any resource loader.
2015-08-24 22:28:18,766 - Velocimacro : error using  VM library template VM_global_library.vm : org.apache.velocity.exception.ResourceNotFoundException: Unable to find resource 'VM_global_library.vm'
2015-08-24 22:28:18,766 - Velocimacro :  VM library template macro registration complete.
2015-08-24 22:28:18,766 - Velocimacro : allowInline = true : VMs can be defined inline in templates
2015-08-24 22:28:18,766 - Velocimacro : allowInlineToOverride = false : VMs defined inline may NOT replace previous VM definitions
2015-08-24 22:28:18,766 - Velocimacro : allowInlineLocal = false : VMs defined inline will be  global in scope if allowed.
2015-08-24 22:28:18,766 - Velocimacro : messages on  : VM system will output logging messages
2015-08-24 22:28:18,766 - Velocimacro : autoload off  : VM system will not automatically reload global library macros
2015-08-24 22:28:18,766 - Velocimacro : initialization complete.
2015-08-24 22:28:18,766 - Velocity successfully started.
2015-08-24 22:28:20,217 - ResourceManager : found template/ejb//EJBService.vm with loader org.apache.velocity.runtime.resource.loader.ClasspathResourceLoader
2015-08-24 22:28:20,220 - ResourceManager : found template/ejb//EJBRemoteHome.vm with loader org.apache.velocity.runtime.resource.loader.ClasspathResourceLoader
2015-08-24 22:28:20,223 - ResourceManager : found template/ejb//EJBRemote.vm with loader org.apache.velocity.runtime.resource.loader.ClasspathResourceLoader
2015-08-24 22:28:20,226 - ResourceManager : found template/ejb//EJBClient.vm with loader org.apache.velocity.runtime.resource.loader.ClasspathResourceLoader
2015-08-24 22:28:52,673 - SimpleLog4JLogSystem initialized using logfile 'velocity.log'
2015-08-24 22:28:52,673 - ************************************************************** 
2015-08-24 22:28:52,673 - Starting Jakarta Velocity v1.4-rc1
2015-08-24 22:28:52,673 - RuntimeInstance initializing.
2015-08-24 22:28:52,673 - Default Properties File: org/apache/velocity/runtime/defaults/velocity.properties
2015-08-24 22:28:52,673 - Trying to use logger class org.apache.velocity.runtime.log.AvalonLogSystem
2015-08-24 22:28:52,673 - Couldn't find class org.apache.velocity.runtime.log.AvalonLogSystem or necessary supporting classes in classpath. Exception : java.lang.NoClassDefFoundError: org/apache/log/format/Formatter
2015-08-24 22:28:52,673 - Trying to use logger class org.apache.velocity.runtime.log.SimpleLog4JLogSystem
2015-08-24 22:28:52,673 - Using logger class org.apache.velocity.runtime.log.SimpleLog4JLogSystem
2015-08-24 22:28:52,676 - Default ResourceManager initializing. (class org.apache.velocity.runtime.resource.ResourceManagerImpl)
2015-08-24 22:28:52,677 - Resource Loader Instantiated: org.apache.velocity.runtime.resource.loader.ClasspathResourceLoader
2015-08-24 22:28:52,677 - ClasspathResourceLoader : initialization starting.
2015-08-24 22:28:52,677 - ClasspathResourceLoader : initialization complete.
2015-08-24 22:28:52,678 - ResourceCache : initialized. (class org.apache.velocity.runtime.resource.ResourceCacheImpl)
2015-08-24 22:28:52,678 - Default ResourceManager initialization complete.
2015-08-24 22:28:52,679 - Loaded System Directive: org.apache.velocity.runtime.directive.Literal
2015-08-24 22:28:52,681 - Loaded System Directive: org.apache.velocity.runtime.directive.Macro
2015-08-24 22:28:52,683 - Loaded System Directive: org.apache.velocity.runtime.directive.Parse
2015-08-24 22:28:52,685 - Loaded System Directive: org.apache.velocity.runtime.directive.Include
2015-08-24 22:28:52,685 - Loaded System Directive: org.apache.velocity.runtime.directive.Foreach
2015-08-24 22:28:52,710 - Created: 20 parsers.
2015-08-24 22:28:52,716 - Velocimacro : initialization starting.
2015-08-24 22:28:52,716 - Velocimacro : adding VMs from VM library template : VM_global_library.vm
2015-08-24 22:28:52,720 - ResourceManager : unable to find resource 'VM_global_library.vm' in any resource loader.
2015-08-24 22:28:52,720 - Velocimacro : error using  VM library template VM_global_library.vm : org.apache.velocity.exception.ResourceNotFoundException: Unable to find resource 'VM_global_library.vm'
2015-08-24 22:28:52,720 - Velocimacro :  VM library template macro registration complete.
2015-08-24 22:28:52,720 - Velocimacro : allowInline = true : VMs can be defined inline in templates
2015-08-24 22:28:52,720 - Velocimacro : allowInlineToOverride = false : VMs defined inline may NOT replace previous VM definitions
2015-08-24 22:28:52,720 - Velocimacro : allowInlineLocal = false : VMs defined inline will be  global in scope if allowed.
2015-08-24 22:28:52,720 - Velocimacro : messages on  : VM system will output logging messages
2015-08-24 22:28:52,720 - Velocimacro : autoload off  : VM system will not automatically reload global library macros
2015-08-24 22:28:52,720 - Velocimacro : initialization complete.
2015-08-24 22:28:52,720 - Velocity successfully started.
2015-08-24 22:28:53,575 - ResourceManager : found template/ejb//EJBService.vm with loader org.apache.velocity.runtime.resource.loader.ClasspathResourceLoader
2015-08-24 22:28:53,578 - ResourceManager : found template/ejb//EJBRemoteHome.vm with loader org.apache.velocity.runtime.resource.loader.ClasspathResourceLoader
2015-08-24 22:28:53,581 - ResourceManager : found template/ejb//EJBRemote.vm with loader org.apache.velocity.runtime.resource.loader.ClasspathResourceLoader
2015-08-24 22:28:53,583 - ResourceManager : found template/ejb//EJBClient.vm with loader org.apache.velocity.runtime.resource.loader.ClasspathResourceLoader
2015-08-24 22:29:22,952 - SimpleLog4JLogSystem initialized using logfile 'velocity.log'
2015-08-24 22:29:22,952 - ************************************************************** 
2015-08-24 22:29:22,952 - Starting Jakarta Velocity v1.4-rc1
2015-08-24 22:29:22,952 - RuntimeInstance initializing.
2015-08-24 22:29:22,952 - Default Properties File: org/apache/velocity/runtime/defaults/velocity.properties
2015-08-24 22:29:22,952 - Trying to use logger class org.apache.velocity.runtime.log.AvalonLogSystem
2015-08-24 22:29:22,952 - Couldn't find class org.apache.velocity.runtime.log.AvalonLogSystem or necessary supporting classes in classpath. Exception : java.lang.NoClassDefFoundError: org/apache/log/format/Formatter
2015-08-24 22:29:22,952 - Trying to use logger class org.apache.velocity.runtime.log.SimpleLog4JLogSystem
2015-08-24 22:29:22,952 - Using logger class org.apache.velocity.runtime.log.SimpleLog4JLogSystem
2015-08-24 22:29:22,955 - Default ResourceManager initializing. (class org.apache.velocity.runtime.resource.ResourceManagerImpl)
2015-08-24 22:29:22,956 - Resource Loader Instantiated: org.apache.velocity.runtime.resource.loader.ClasspathResourceLoader
2015-08-24 22:29:22,956 - ClasspathResourceLoader : initialization starting.
2015-08-24 22:29:22,956 - ClasspathResourceLoader : initialization complete.
2015-08-24 22:29:22,957 - ResourceCache : initialized. (class org.apache.velocity.runtime.resource.ResourceCacheImpl)
2015-08-24 22:29:22,957 - Default ResourceManager initialization complete.
2015-08-24 22:29:22,958 - Loaded System Directive: org.apache.velocity.runtime.directive.Literal
2015-08-24 22:29:22,959 - Loaded System Directive: org.apache.velocity.runtime.directive.Macro
2015-08-24 22:29:22,961 - Loaded System Directive: org.apache.velocity.runtime.directive.Parse
2015-08-24 22:29:22,962 - Loaded System Directive: org.apache.velocity.runtime.directive.Include
2015-08-24 22:29:22,963 - Loaded System Directive: org.apache.velocity.runtime.directive.Foreach
2015-08-24 22:29:22,985 - Created: 20 parsers.
2015-08-24 22:29:22,991 - Velocimacro : initialization starting.
2015-08-24 22:29:22,991 - Velocimacro : adding VMs from VM library template : VM_global_library.vm
2015-08-24 22:29:22,994 - ResourceManager : unable to find resource 'VM_global_library.vm' in any resource loader.
2015-08-24 22:29:22,994 - Velocimacro : error using  VM library template VM_global_library.vm : org.apache.velocity.exception.ResourceNotFoundException: Unable to find resource 'VM_global_library.vm'
2015-08-24 22:29:22,994 - Velocimacro :  VM library template macro registration complete.
2015-08-24 22:29:22,994 - Velocimacro : allowInline = true : VMs can be defined inline in templates
2015-08-24 22:29:22,994 - Velocimacro : allowInlineToOverride = false : VMs defined inline may NOT replace previous VM definitions
2015-08-24 22:29:22,994 - Velocimacro : allowInlineLocal = false : VMs defined inline will be  global in scope if allowed.
2015-08-24 22:29:22,994 - Velocimacro : messages on  : VM system will output logging messages
2015-08-24 22:29:22,994 - Velocimacro : autoload off  : VM system will not automatically reload global library macros
2015-08-24 22:29:22,994 - Velocimacro : initialization complete.
2015-08-24 22:29:22,994 - Velocity successfully started.
2015-08-24 22:29:23,406 - ResourceManager : found template/ejb//EJBService.vm with loader org.apache.velocity.runtime.resource.loader.ClasspathResourceLoader
2015-08-24 22:29:23,409 - ResourceManager : found template/ejb//EJBRemoteHome.vm with loader org.apache.velocity.runtime.resource.loader.ClasspathResourceLoader
2015-08-24 22:29:23,411 - ResourceManager : found template/ejb//EJBRemote.vm with loader org.apache.velocity.runtime.resource.loader.ClasspathResourceLoader
2015-08-24 22:29:23,414 - ResourceManager : found template/ejb//EJBClient.vm with loader org.apache.velocity.runtime.resource.loader.ClasspathResourceLoader
2015-08-24 22:29:42,794 - SimpleLog4JLogSystem initialized using logfile 'velocity.log'
2015-08-24 22:29:42,795 - ************************************************************** 
2015-08-24 22:29:42,795 - Starting Jakarta Velocity v1.4-rc1
2015-08-24 22:29:42,795 - RuntimeInstance initializing.
2015-08-24 22:29:42,795 - Default Properties File: org/apache/velocity/runtime/defaults/velocity.properties
2015-08-24 22:29:42,795 - Trying to use logger class org.apache.velocity.runtime.log.AvalonLogSystem
2015-08-24 22:29:42,795 - Couldn't find class org.apache.velocity.runtime.log.AvalonLogSystem or necessary supporting classes in classpath. Exception : java.lang.NoClassDefFoundError: org/apache/log/format/Formatter
2015-08-24 22:29:42,795 - Trying to use logger class org.apache.velocity.runtime.log.SimpleLog4JLogSystem
2015-08-24 22:29:42,795 - Using logger class org.apache.velocity.runtime.log.SimpleLog4JLogSystem
2015-08-24 22:29:42,797 - Default ResourceManager initializing. (class org.apache.velocity.runtime.resource.ResourceManagerImpl)
2015-08-24 22:29:42,798 - Resource Loader Instantiated: org.apache.velocity.runtime.resource.loader.ClasspathResourceLoader
2015-08-24 22:29:42,798 - ClasspathResourceLoader : initialization starting.
2015-08-24 22:29:42,798 - ClasspathResourceLoader : initialization complete.
2015-08-24 22:29:42,799 - ResourceCache : initialized. (class org.apache.velocity.runtime.resource.ResourceCacheImpl)
2015-08-24 22:29:42,799 - Default ResourceManager initialization complete.
2015-08-24 22:29:42,800 - Loaded System Directive: org.apache.velocity.runtime.directive.Literal
2015-08-24 22:29:42,801 - Loaded System Directive: org.apache.velocity.runtime.directive.Macro
2015-08-24 22:29:42,803 - Loaded System Directive: org.apache.velocity.runtime.directive.Parse
2015-08-24 22:29:42,804 - Loaded System Directive: org.apache.velocity.runtime.directive.Include
2015-08-24 22:29:42,805 - Loaded System Directive: org.apache.velocity.runtime.directive.Foreach
2015-08-24 22:29:42,825 - Created: 20 parsers.
2015-08-24 22:29:42,830 - Velocimacro : initialization starting.
2015-08-24 22:29:42,830 - Velocimacro : adding VMs from VM library template : VM_global_library.vm
2015-08-24 22:29:42,833 - ResourceManager : unable to find resource 'VM_global_library.vm' in any resource loader.
2015-08-24 22:29:42,833 - Velocimacro : error using  VM library template VM_global_library.vm : org.apache.velocity.exception.ResourceNotFoundException: Unable to find resource 'VM_global_library.vm'
2015-08-24 22:29:42,833 - Velocimacro :  VM library template macro registration complete.
2015-08-24 22:29:42,833 - Velocimacro : allowInline = true : VMs can be defined inline in templates
2015-08-24 22:29:42,833 - Velocimacro : allowInlineToOverride = false : VMs defined inline may NOT replace previous VM definitions
2015-08-24 22:29:42,833 - Velocimacro : allowInlineLocal = false : VMs defined inline will be  global in scope if allowed.
2015-08-24 22:29:42,833 - Velocimacro : messages on  : VM system will output logging messages
2015-08-24 22:29:42,833 - Velocimacro : autoload off  : VM system will not automatically reload global library macros
2015-08-24 22:29:42,833 - Velocimacro : initialization complete.
2015-08-24 22:29:42,833 - Velocity successfully started.
2015-08-24 22:29:43,035 - ResourceManager : found template/ejb//EJBService.vm with loader org.apache.velocity.runtime.resource.loader.ClasspathResourceLoader
2015-08-24 22:29:43,038 - ResourceManager : found template/ejb//EJBRemoteHome.vm with loader org.apache.velocity.runtime.resource.loader.ClasspathResourceLoader
2015-08-24 22:29:43,040 - ResourceManager : found template/ejb//EJBRemote.vm with loader org.apache.velocity.runtime.resource.loader.ClasspathResourceLoader
2015-08-24 22:29:43,042 - ResourceManager : found template/ejb//EJBClient.vm with loader org.apache.velocity.runtime.resource.loader.ClasspathResourceLoader
2015-08-24 22:30:11,001 - SimpleLog4JLogSystem initialized using logfile 'velocity.log'
2015-08-24 22:30:11,002 - ************************************************************** 
2015-08-24 22:30:11,002 - Starting Jakarta Velocity v1.4-rc1
2015-08-24 22:30:11,002 - RuntimeInstance initializing.
2015-08-24 22:30:11,002 - Default Properties File: org/apache/velocity/runtime/defaults/velocity.properties
2015-08-24 22:30:11,002 - Trying to use logger class org.apache.velocity.runtime.log.AvalonLogSystem
2015-08-24 22:30:11,002 - Couldn't find class org.apache.velocity.runtime.log.AvalonLogSystem or necessary supporting classes in classpath. Exception : java.lang.NoClassDefFoundError: org/apache/log/format/Formatter
2015-08-24 22:30:11,002 - Trying to use logger class org.apache.velocity.runtime.log.SimpleLog4JLogSystem
2015-08-24 22:30:11,002 - Using logger class org.apache.velocity.runtime.log.SimpleLog4JLogSystem
2015-08-24 22:30:11,004 - Default ResourceManager initializing. (class org.apache.velocity.runtime.resource.ResourceManagerImpl)
2015-08-24 22:30:11,005 - Resource Loader Instantiated: org.apache.velocity.runtime.resource.loader.ClasspathResourceLoader
2015-08-24 22:30:11,005 - ClasspathResourceLoader : initialization starting.
2015-08-24 22:30:11,005 - ClasspathResourceLoader : initialization complete.
2015-08-24 22:30:11,007 - ResourceCache : initialized. (class org.apache.velocity.runtime.resource.ResourceCacheImpl)
2015-08-24 22:30:11,007 - Default ResourceManager initialization complete.
2015-08-24 22:30:11,008 - Loaded System Directive: org.apache.velocity.runtime.directive.Literal
2015-08-24 22:30:11,009 - Loaded System Directive: org.apache.velocity.runtime.directive.Macro
2015-08-24 22:30:11,011 - Loaded System Directive: org.apache.velocity.runtime.directive.Parse
2015-08-24 22:30:11,013 - Loaded System Directive: org.apache.velocity.runtime.directive.Include
2015-08-24 22:30:11,014 - Loaded System Directive: org.apache.velocity.runtime.directive.Foreach
2015-08-24 22:30:11,037 - Created: 20 parsers.
2015-08-24 22:30:11,043 - Velocimacro : initialization starting.
2015-08-24 22:30:11,043 - Velocimacro : adding VMs from VM library template : VM_global_library.vm
2015-08-24 22:30:11,047 - ResourceManager : unable to find resource 'VM_global_library.vm' in any resource loader.
2015-08-24 22:30:11,047 - Velocimacro : error using  VM library template VM_global_library.vm : org.apache.velocity.exception.ResourceNotFoundException: Unable to find resource 'VM_global_library.vm'
2015-08-24 22:30:11,047 - Velocimacro :  VM library template macro registration complete.
2015-08-24 22:30:11,047 - Velocimacro : allowInline = true : VMs can be defined inline in templates
2015-08-24 22:30:11,047 - Velocimacro : allowInlineToOverride = false : VMs defined inline may NOT replace previous VM definitions
2015-08-24 22:30:11,047 - Velocimacro : allowInlineLocal = false : VMs defined inline will be  global in scope if allowed.
2015-08-24 22:30:11,047 - Velocimacro : messages on  : VM system will output logging messages
2015-08-24 22:30:11,047 - Velocimacro : autoload off  : VM system will not automatically reload global library macros
2015-08-24 22:30:11,047 - Velocimacro : initialization complete.
2015-08-24 22:30:11,047 - Velocity successfully started.
2015-08-24 22:30:11,294 - ResourceManager : found template/ejb//EJBService.vm with loader org.apache.velocity.runtime.resource.loader.ClasspathResourceLoader
2015-08-24 22:30:11,297 - ResourceManager : found template/ejb//EJBRemoteHome.vm with loader org.apache.velocity.runtime.resource.loader.ClasspathResourceLoader
2015-08-24 22:30:11,300 - ResourceManager : found template/ejb//EJBRemote.vm with loader org.apache.velocity.runtime.resource.loader.ClasspathResourceLoader
2015-08-24 22:30:11,303 - ResourceManager : found template/ejb//EJBClient.vm with loader org.apache.velocity.runtime.resource.loader.ClasspathResourceLoader
