2015-03-03 11:16:15,886 - Couldn't find class org.apache.velocity.runtime.log.AvalonLogSystem or necessary supporting classes in classpath. Exception : java.lang.NoClassDefFoundError: org/apache/log/format/Formatter
2015-03-03 11:16:15,886 - Trying to use logger class org.apache.velocity.runtime.log.SimpleLog4JLogSystem
2015-03-03 11:16:15,886 - Using logger class org.apache.velocity.runtime.log.SimpleLog4JLogSystem
2015-03-03 11:16:15,894 - Default ResourceManager initializing. (class org.apache.velocity.runtime.resource.ResourceManagerImpl)
2015-03-03 11:16:15,897 - Resource Loader Instantiated: org.apache.velocity.runtime.resource.loader.ClasspathResourceLoader
2015-03-03 11:16:15,897 - ClasspathResourceLoader : initialization starting.
2015-03-03 11:16:15,897 - ClasspathResourceLoader : initialization complete.
2015-03-03 11:16:15,903 - ResourceCache : initialized. (class org.apache.velocity.runtime.resource.ResourceCacheImpl)
2015-03-03 11:16:15,903 - Default ResourceManager initialization complete.
2015-03-03 11:16:15,908 - Loaded System Directive: org.apache.velocity.runtime.directive.Literal
2015-03-03 11:16:15,913 - Loaded System Directive: org.apache.velocity.runtime.directive.Macro
2015-03-03 11:16:15,920 - Loaded System Directive: org.apache.velocity.runtime.directive.Parse
2015-03-03 11:16:15,925 - Loaded System Directive: org.apache.velocity.runtime.directive.Include
2015-03-03 11:16:15,928 - Loaded System Directive: org.apache.velocity.runtime.directive.Foreach
2015-03-03 11:16:15,983 - Created: 20 parsers.
2015-03-03 11:16:16,010 - Velocimacro : initialization starting.
2015-03-03 11:16:16,010 - Velocimacro : adding VMs from VM library template : VM_global_library.vm
2015-03-03 11:16:16,016 - ResourceManager : unable to find resource 'VM_global_library.vm' in any resource loader.
2015-03-03 11:16:16,016 - Velocimacro : error using  VM library template VM_global_library.vm : org.apache.velocity.exception.ResourceNotFoundException: Unable to find resource 'VM_global_library.vm'
2015-03-03 11:16:16,016 - Velocimacro :  VM library template macro registration complete.
2015-03-03 11:16:16,016 - Velocimacro : allowInline = true : VMs can be defined inline in templates
2015-03-03 11:16:16,016 - Velocimacro : allowInlineToOverride = false : VMs defined inline may NOT replace previous VM definitions
2015-03-03 11:16:16,016 - Velocimacro : allowInlineLocal = false : VMs defined inline will be  global in scope if allowed.
2015-03-03 11:16:16,016 - Velocimacro : messages on  : VM system will output logging messages
2015-03-03 11:16:16,016 - Velocimacro : autoload off  : VM system will not automatically reload global library macros
2015-03-03 11:16:16,016 - Velocimacro : initialization complete.
2015-03-03 11:16:16,016 - Velocity successfully started.
2015-03-03 11:16:17,427 - ResourceManager : found template/flying//FlyingImpl.vm with loader org.apache.velocity.runtime.resource.loader.ClasspathResourceLoader
2015-03-03 11:16:17,431 - ResourceManager : found template/flying//FlyingInterface.vm with loader org.apache.velocity.runtime.resource.loader.ClasspathResourceLoader
2015-03-03 11:16:17,433 - ResourceManager : found template/flying//FlyingClient.vm with loader org.apache.velocity.runtime.resource.loader.ClasspathResourceLoader
2015-03-03 11:20:44,248 - SimpleLog4JLogSystem initialized using logfile 'velocity.log'
2015-03-03 11:20:44,249 - ************************************************************** 
2015-03-03 11:20:44,249 - Starting Jakarta Velocity v1.4-rc1
2015-03-03 11:20:44,249 - RuntimeInstance initializing.
2015-03-03 11:20:44,249 - Default Properties File: org/apache/velocity/runtime/defaults/velocity.properties
2015-03-03 11:20:44,249 - Trying to use logger class org.apache.velocity.runtime.log.AvalonLogSystem
2015-03-03 11:20:44,249 - Couldn't find class org.apache.velocity.runtime.log.AvalonLogSystem or necessary supporting classes in classpath. Exception : java.lang.NoClassDefFoundError: org/apache/log/format/Formatter
2015-03-03 11:20:44,249 - Trying to use logger class org.apache.velocity.runtime.log.SimpleLog4JLogSystem
2015-03-03 11:20:44,249 - Using logger class org.apache.velocity.runtime.log.SimpleLog4JLogSystem
2015-03-03 11:20:44,256 - Default ResourceManager initializing. (class org.apache.velocity.runtime.resource.ResourceManagerImpl)
2015-03-03 11:20:44,258 - Resource Loader Instantiated: org.apache.velocity.runtime.resource.loader.ClasspathResourceLoader
2015-03-03 11:20:44,258 - ClasspathResourceLoader : initialization starting.
2015-03-03 11:20:44,258 - ClasspathResourceLoader : initialization complete.
2015-03-03 11:20:44,263 - ResourceCache : initialized. (class org.apache.velocity.runtime.resource.ResourceCacheImpl)
2015-03-03 11:20:44,263 - Default ResourceManager initialization complete.
2015-03-03 11:20:44,267 - Loaded System Directive: org.apache.velocity.runtime.directive.Literal
2015-03-03 11:20:44,271 - Loaded System Directive: org.apache.velocity.runtime.directive.Macro
2015-03-03 11:20:44,278 - Loaded System Directive: org.apache.velocity.runtime.directive.Parse
2015-03-03 11:20:44,282 - Loaded System Directive: org.apache.velocity.runtime.directive.Include
2015-03-03 11:20:44,284 - Loaded System Directive: org.apache.velocity.runtime.directive.Foreach
2015-03-03 11:20:44,330 - Created: 20 parsers.
2015-03-03 11:20:44,350 - Velocimacro : initialization starting.
2015-03-03 11:20:44,351 - Velocimacro : adding VMs from VM library template : VM_global_library.vm
2015-03-03 11:20:44,355 - ResourceManager : unable to find resource 'VM_global_library.vm' in any resource loader.
2015-03-03 11:20:44,355 - Velocimacro : error using  VM library template VM_global_library.vm : org.apache.velocity.exception.ResourceNotFoundException: Unable to find resource 'VM_global_library.vm'
2015-03-03 11:20:44,355 - Velocimacro :  VM library template macro registration complete.
2015-03-03 11:20:44,355 - Velocimacro : allowInline = true : VMs can be defined inline in templates
2015-03-03 11:20:44,355 - Velocimacro : allowInlineToOverride = false : VMs defined inline may NOT replace previous VM definitions
2015-03-03 11:20:44,355 - Velocimacro : allowInlineLocal = false : VMs defined inline will be  global in scope if allowed.
2015-03-03 11:20:44,355 - Velocimacro : messages on  : VM system will output logging messages
2015-03-03 11:20:44,355 - Velocimacro : autoload off  : VM system will not automatically reload global library macros
2015-03-03 11:20:44,355 - Velocimacro : initialization complete.
2015-03-03 11:20:44,355 - Velocity successfully started.
2015-03-03 11:20:49,044 - ResourceManager : found template/flying//FlyingImpl.vm with loader org.apache.velocity.runtime.resource.loader.ClasspathResourceLoader
2015-03-03 11:20:49,048 - ResourceManager : found template/flying//FlyingInterface.vm with loader org.apache.velocity.runtime.resource.loader.ClasspathResourceLoader
2015-03-03 11:20:49,049 - ResourceManager : found template/flying//FlyingClient.vm with loader org.apache.velocity.runtime.resource.loader.ClasspathResourceLoader
2015-03-03 12:23:47,882 - SimpleLog4JLogSystem initialized using logfile 'velocity.log'
2015-03-03 12:23:47,883 - ************************************************************** 
2015-03-03 12:23:47,883 - Starting Jakarta Velocity v1.4-rc1
2015-03-03 12:23:47,883 - RuntimeInstance initializing.
2015-03-03 12:23:47,883 - Default Properties File: org/apache/velocity/runtime/defaults/velocity.properties
2015-03-03 12:23:47,883 - Trying to use logger class org.apache.velocity.runtime.log.AvalonLogSystem
2015-03-03 12:23:47,883 - Couldn't find class org.apache.velocity.runtime.log.AvalonLogSystem or necessary supporting classes in classpath. Exception : java.lang.NoClassDefFoundError: org/apache/log/format/Formatter
2015-03-03 12:23:47,883 - Trying to use logger class org.apache.velocity.runtime.log.SimpleLog4JLogSystem
2015-03-03 12:23:47,883 - Using logger class org.apache.velocity.runtime.log.SimpleLog4JLogSystem
2015-03-03 12:23:47,891 - Default ResourceManager initializing. (class org.apache.velocity.runtime.resource.ResourceManagerImpl)
2015-03-03 12:23:47,895 - Resource Loader Instantiated: org.apache.velocity.runtime.resource.loader.ClasspathResourceLoader
2015-03-03 12:23:47,895 - ClasspathResourceLoader : initialization starting.
2015-03-03 12:23:47,895 - ClasspathResourceLoader : initialization complete.
2015-03-03 12:23:47,900 - ResourceCache : initialized. (class org.apache.velocity.runtime.resource.ResourceCacheImpl)
2015-03-03 12:23:47,901 - Default ResourceManager initialization complete.
2015-03-03 12:23:47,906 - Loaded System Directive: org.apache.velocity.runtime.directive.Literal
2015-03-03 12:23:47,911 - Loaded System Directive: org.apache.velocity.runtime.directive.Macro
2015-03-03 12:23:47,920 - Loaded System Directive: org.apache.velocity.runtime.directive.Parse
2015-03-03 12:23:47,925 - Loaded System Directive: org.apache.velocity.runtime.directive.Include
2015-03-03 12:23:47,928 - Loaded System Directive: org.apache.velocity.runtime.directive.Foreach
2015-03-03 12:23:47,983 - Created: 20 parsers.
2015-03-03 12:23:48,008 - Velocimacro : initialization starting.
2015-03-03 12:23:48,008 - Velocimacro : adding VMs from VM library template : VM_global_library.vm
2015-03-03 12:23:48,014 - ResourceManager : unable to find resource 'VM_global_library.vm' in any resource loader.
2015-03-03 12:23:48,014 - Velocimacro : error using  VM library template VM_global_library.vm : org.apache.velocity.exception.ResourceNotFoundException: Unable to find resource 'VM_global_library.vm'
2015-03-03 12:23:48,014 - Velocimacro :  VM library template macro registration complete.
2015-03-03 12:23:48,014 - Velocimacro : allowInline = true : VMs can be defined inline in templates
2015-03-03 12:23:48,014 - Velocimacro : allowInlineToOverride = false : VMs defined inline may NOT replace previous VM definitions
2015-03-03 12:23:48,014 - Velocimacro : allowInlineLocal = false : VMs defined inline will be  global in scope if allowed.
2015-03-03 12:23:48,014 - Velocimacro : messages on  : VM system will output logging messages
2015-03-03 12:23:48,014 - Velocimacro : autoload off  : VM system will not automatically reload global library macros
2015-03-03 12:23:48,014 - Velocimacro : initialization complete.
2015-03-03 12:23:48,014 - Velocity successfully started.
2015-03-03 12:23:49,414 - ResourceManager : found template/flying//FlyingImpl.vm with loader org.apache.velocity.runtime.resource.loader.ClasspathResourceLoader
2015-03-03 12:23:49,418 - ResourceManager : found template/flying//FlyingInterface.vm with loader org.apache.velocity.runtime.resource.loader.ClasspathResourceLoader
2015-03-03 12:23:49,419 - ResourceManager : found template/flying//FlyingClient.vm with loader org.apache.velocity.runtime.resource.loader.ClasspathResourceLoader
2015-03-03 12:24:54,304 - SimpleLog4JLogSystem initialized using logfile 'velocity.log'
2015-03-03 12:24:54,304 - ************************************************************** 
2015-03-03 12:24:54,304 - Starting Jakarta Velocity v1.4-rc1
2015-03-03 12:24:54,304 - RuntimeInstance initializing.
2015-03-03 12:24:54,304 - Default Properties File: org/apache/velocity/runtime/defaults/velocity.properties
2015-03-03 12:24:54,304 - Trying to use logger class org.apache.velocity.runtime.log.AvalonLogSystem
2015-03-03 12:24:54,304 - Couldn't find class org.apache.velocity.runtime.log.AvalonLogSystem or necessary supporting classes in classpath. Exception : java.lang.NoClassDefFoundError: org/apache/log/format/Formatter
2015-03-03 12:24:54,304 - Trying to use logger class org.apache.velocity.runtime.log.SimpleLog4JLogSystem
2015-03-03 12:24:54,304 - Using logger class org.apache.velocity.runtime.log.SimpleLog4JLogSystem
2015-03-03 12:24:54,310 - Default ResourceManager initializing. (class org.apache.velocity.runtime.resource.ResourceManagerImpl)
2015-03-03 12:24:54,312 - Resource Loader Instantiated: org.apache.velocity.runtime.resource.loader.ClasspathResourceLoader
2015-03-03 12:24:54,313 - ClasspathResourceLoader : initialization starting.
2015-03-03 12:24:54,313 - ClasspathResourceLoader : initialization complete.
2015-03-03 12:24:54,316 - ResourceCache : initialized. (class org.apache.velocity.runtime.resource.ResourceCacheImpl)
2015-03-03 12:24:54,316 - Default ResourceManager initialization complete.
2015-03-03 12:24:54,320 - Loaded System Directive: org.apache.velocity.runtime.directive.Literal
2015-03-03 12:24:54,324 - Loaded System Directive: org.apache.velocity.runtime.directive.Macro
2015-03-03 12:24:54,330 - Loaded System Directive: org.apache.velocity.runtime.directive.Parse
2015-03-03 12:24:54,333 - Loaded System Directive: org.apache.velocity.runtime.directive.Include
2015-03-03 12:24:54,336 - Loaded System Directive: org.apache.velocity.runtime.directive.Foreach
2015-03-03 12:24:54,376 - Created: 20 parsers.
2015-03-03 12:24:54,394 - Velocimacro : initialization starting.
2015-03-03 12:24:54,395 - Velocimacro : adding VMs from VM library template : VM_global_library.vm
2015-03-03 12:24:54,399 - ResourceManager : unable to find resource 'VM_global_library.vm' in any resource loader.
2015-03-03 12:24:54,399 - Velocimacro : error using  VM library template VM_global_library.vm : org.apache.velocity.exception.ResourceNotFoundException: Unable to find resource 'VM_global_library.vm'
2015-03-03 12:24:54,399 - Velocimacro :  VM library template macro registration complete.
2015-03-03 12:24:54,399 - Velocimacro : allowInline = true : VMs can be defined inline in templates
2015-03-03 12:24:54,399 - Velocimacro : allowInlineToOverride = false : VMs defined inline may NOT replace previous VM definitions
2015-03-03 12:24:54,399 - Velocimacro : allowInlineLocal = false : VMs defined inline will be  global in scope if allowed.
2015-03-03 12:24:54,399 - Velocimacro : messages on  : VM system will output logging messages
2015-03-03 12:24:54,399 - Velocimacro : autoload off  : VM system will not automatically reload global library macros
2015-03-03 12:24:54,399 - Velocimacro : initialization complete.
2015-03-03 12:24:54,399 - Velocity successfully started.
2015-03-03 12:24:58,257 - ResourceManager : found template/flying//FlyingImpl.vm with loader org.apache.velocity.runtime.resource.loader.ClasspathResourceLoader
2015-03-03 12:24:58,260 - ResourceManager : found template/flying//FlyingInterface.vm with loader org.apache.velocity.runtime.resource.loader.ClasspathResourceLoader
2015-03-03 12:24:58,261 - ResourceManager : found template/flying//FlyingClient.vm with loader org.apache.velocity.runtime.resource.loader.ClasspathResourceLoader
2015-03-03 13:27:32,692 - SimpleLog4JLogSystem initialized using logfile 'velocity.log'
2015-03-03 13:27:32,693 - ************************************************************** 
2015-03-03 13:27:32,693 - Starting Jakarta Velocity v1.4-rc1
2015-03-03 13:27:32,693 - RuntimeInstance initializing.
2015-03-03 13:27:32,693 - Default Properties File: org/apache/velocity/runtime/defaults/velocity.properties
2015-03-03 13:27:32,693 - Trying to use logger class org.apache.velocity.runtime.log.AvalonLogSystem
2015-03-03 13:27:32,693 - Couldn't find class org.apache.velocity.runtime.log.AvalonLogSystem or necessary supporting classes in classpath. Exception : java.lang.NoClassDefFoundError: org/apache/log/format/Formatter
2015-03-03 13:27:32,693 - Trying to use logger class org.apache.velocity.runtime.log.SimpleLog4JLogSystem
2015-03-03 13:27:32,693 - Using logger class org.apache.velocity.runtime.log.SimpleLog4JLogSystem
2015-03-03 13:27:32,700 - Default ResourceManager initializing. (class org.apache.velocity.runtime.resource.ResourceManagerImpl)
2015-03-03 13:27:32,703 - Resource Loader Instantiated: org.apache.velocity.runtime.resource.loader.ClasspathResourceLoader
2015-03-03 13:27:32,703 - ClasspathResourceLoader : initialization starting.
2015-03-03 13:27:32,703 - ClasspathResourceLoader : initialization complete.
2015-03-03 13:27:32,708 - ResourceCache : initialized. (class org.apache.velocity.runtime.resource.ResourceCacheImpl)
2015-03-03 13:27:32,708 - Default ResourceManager initialization complete.
2015-03-03 13:27:32,713 - Loaded System Directive: org.apache.velocity.runtime.directive.Literal
2015-03-03 13:27:32,717 - Loaded System Directive: org.apache.velocity.runtime.directive.Macro
2015-03-03 13:27:32,725 - Loaded System Directive: org.apache.velocity.runtime.directive.Parse
2015-03-03 13:27:32,729 - Loaded System Directive: org.apache.velocity.runtime.directive.Include
2015-03-03 13:27:32,732 - Loaded System Directive: org.apache.velocity.runtime.directive.Foreach
2015-03-03 13:27:32,782 - Created: 20 parsers.
2015-03-03 13:27:32,805 - Velocimacro : initialization starting.
2015-03-03 13:27:32,805 - Velocimacro : adding VMs from VM library template : VM_global_library.vm
2015-03-03 13:27:32,810 - ResourceManager : unable to find resource 'VM_global_library.vm' in any resource loader.
2015-03-03 13:27:32,810 - Velocimacro : error using  VM library template VM_global_library.vm : org.apache.velocity.exception.ResourceNotFoundException: Unable to find resource 'VM_global_library.vm'
2015-03-03 13:27:32,810 - Velocimacro :  VM library template macro registration complete.
2015-03-03 13:27:32,810 - Velocimacro : allowInline = true : VMs can be defined inline in templates
2015-03-03 13:27:32,810 - Velocimacro : allowInlineToOverride = false : VMs defined inline may NOT replace previous VM definitions
2015-03-03 13:27:32,811 - Velocimacro : allowInlineLocal = false : VMs defined inline will be  global in scope if allowed.
2015-03-03 13:27:32,811 - Velocimacro : messages on  : VM system will output logging messages
2015-03-03 13:27:32,811 - Velocimacro : autoload off  : VM system will not automatically reload global library macros
2015-03-03 13:27:32,811 - Velocimacro : initialization complete.
2015-03-03 13:27:32,811 - Velocity successfully started.
2015-03-03 13:27:34,287 - ResourceManager : found template/flying//FlyingImpl.vm with loader org.apache.velocity.runtime.resource.loader.ClasspathResourceLoader
2015-03-03 13:27:34,291 - ResourceManager : found template/flying//FlyingInterface.vm with loader org.apache.velocity.runtime.resource.loader.ClasspathResourceLoader
2015-03-03 13:27:34,292 - ResourceManager : found template/flying//FlyingClient.vm with loader org.apache.velocity.runtime.resource.loader.ClasspathResourceLoader
2015-03-03 13:28:25,003 - SimpleLog4JLogSystem initialized using logfile 'velocity.log'
2015-03-03 13:28:25,003 - ************************************************************** 
2015-03-03 13:28:25,003 - Starting Jakarta Velocity v1.4-rc1
2015-03-03 13:28:25,003 - RuntimeInstance initializing.
2015-03-03 13:28:25,003 - Default Properties File: org/apache/velocity/runtime/defaults/velocity.properties
2015-03-03 13:28:25,003 - Trying to use logger class org.apache.velocity.runtime.log.AvalonLogSystem
2015-03-03 13:28:25,003 - Couldn't find class org.apache.velocity.runtime.log.AvalonLogSystem or necessary supporting classes in classpath. Exception : java.lang.NoClassDefFoundError: org/apache/log/format/Formatter
2015-03-03 13:28:25,004 - Trying to use logger class org.apache.velocity.runtime.log.SimpleLog4JLogSystem
2015-03-03 13:28:25,004 - Using logger class org.apache.velocity.runtime.log.SimpleLog4JLogSystem
2015-03-03 13:28:25,011 - Default ResourceManager initializing. (class org.apache.velocity.runtime.resource.ResourceManagerImpl)
2015-03-03 13:28:25,013 - Resource Loader Instantiated: org.apache.velocity.runtime.resource.loader.ClasspathResourceLoader
2015-03-03 13:28:25,014 - ClasspathResourceLoader : initialization starting.
2015-03-03 13:28:25,014 - ClasspathResourceLoader : initialization complete.
2015-03-03 13:28:25,018 - ResourceCache : initialized. (class org.apache.velocity.runtime.resource.ResourceCacheImpl)
2015-03-03 13:28:25,018 - Default ResourceManager initialization complete.
2015-03-03 13:28:25,022 - Loaded System Directive: org.apache.velocity.runtime.directive.Literal
2015-03-03 13:28:25,027 - Loaded System Directive: org.apache.velocity.runtime.directive.Macro
2015-03-03 13:28:25,034 - Loaded System Directive: org.apache.velocity.runtime.directive.Parse
2015-03-03 13:28:25,038 - Loaded System Directive: org.apache.velocity.runtime.directive.Include
2015-03-03 13:28:25,040 - Loaded System Directive: org.apache.velocity.runtime.directive.Foreach
2015-03-03 13:28:25,089 - Created: 20 parsers.
2015-03-03 13:28:25,110 - Velocimacro : initialization starting.
2015-03-03 13:28:25,110 - Velocimacro : adding VMs from VM library template : VM_global_library.vm
2015-03-03 13:28:25,115 - ResourceManager : unable to find resource 'VM_global_library.vm' in any resource loader.
2015-03-03 13:28:25,115 - Velocimacro : error using  VM library template VM_global_library.vm : org.apache.velocity.exception.ResourceNotFoundException: Unable to find resource 'VM_global_library.vm'
2015-03-03 13:28:25,115 - Velocimacro :  VM library template macro registration complete.
2015-03-03 13:28:25,115 - Velocimacro : allowInline = true : VMs can be defined inline in templates
2015-03-03 13:28:25,115 - Velocimacro : allowInlineToOverride = false : VMs defined inline may NOT replace previous VM definitions
2015-03-03 13:28:25,115 - Velocimacro : allowInlineLocal = false : VMs defined inline will be  global in scope if allowed.
2015-03-03 13:28:25,116 - Velocimacro : messages on  : VM system will output logging messages
2015-03-03 13:28:25,116 - Velocimacro : autoload off  : VM system will not automatically reload global library macros
2015-03-03 13:28:25,116 - Velocimacro : initialization complete.
2015-03-03 13:28:25,116 - Velocity successfully started.
2015-03-03 13:28:29,683 - ResourceManager : found template/flying//FlyingImpl.vm with loader org.apache.velocity.runtime.resource.loader.ClasspathResourceLoader
2015-03-03 13:28:29,686 - ResourceManager : found template/flying//FlyingInterface.vm with loader org.apache.velocity.runtime.resource.loader.ClasspathResourceLoader
2015-03-03 13:28:29,687 - ResourceManager : found template/flying//FlyingClient.vm with loader org.apache.velocity.runtime.resource.loader.ClasspathResourceLoader
2015-03-03 18:28:45,066 - SimpleLog4JLogSystem initialized using logfile 'velocity.log'
2015-03-03 18:28:45,076 - ************************************************************** 
2015-03-03 18:28:45,076 - Starting Jakarta Velocity v1.4-rc1
2015-03-03 18:28:45,076 - RuntimeInstance initializing.
2015-03-03 18:28:45,076 - Default Properties File: org/apache/velocity/runtime/defaults/velocity.properties
2015-03-03 18:28:45,076 - Trying to use logger class org.apache.velocity.runtime.log.AvalonLogSystem
2015-03-03 18:28:45,076 - Couldn't find class org.apache.velocity.runtime.log.AvalonLogSystem or necessary supporting classes in classpath. Exception : java.lang.NoClassDefFoundError: org/apache/log/format/Formatter
2015-03-03 18:28:45,076 - Trying to use logger class org.apache.velocity.runtime.log.SimpleLog4JLogSystem
2015-03-03 18:28:45,077 - Using logger class org.apache.velocity.runtime.log.SimpleLog4JLogSystem
2015-03-03 18:28:45,086 - Default ResourceManager initializing. (class org.apache.velocity.runtime.resource.ResourceManagerImpl)
2015-03-03 18:28:45,090 - Resource Loader Instantiated: org.apache.velocity.runtime.resource.loader.ClasspathResourceLoader
2015-03-03 18:28:45,090 - ClasspathResourceLoader : initialization starting.
2015-03-03 18:28:45,090 - ClasspathResourceLoader : initialization complete.
2015-03-03 18:28:45,096 - ResourceCache : initialized. (class org.apache.velocity.runtime.resource.ResourceCacheImpl)
2015-03-03 18:28:45,096 - Default ResourceManager initialization complete.
2015-03-03 18:28:45,102 - Loaded System Directive: org.apache.velocity.runtime.directive.Literal
2015-03-03 18:28:45,107 - Loaded System Directive: org.apache.velocity.runtime.directive.Macro
2015-03-03 18:28:45,115 - Loaded System Directive: org.apache.velocity.runtime.directive.Parse
2015-03-03 18:28:45,121 - Loaded System Directive: org.apache.velocity.runtime.directive.Include
2015-03-03 18:28:45,124 - Loaded System Directive: org.apache.velocity.runtime.directive.Foreach
2015-03-03 18:28:45,183 - Created: 20 parsers.
2015-03-03 18:28:45,209 - Velocimacro : initialization starting.
2015-03-03 18:28:45,209 - Velocimacro : adding VMs from VM library template : VM_global_library.vm
2015-03-03 18:28:45,215 - ResourceManager : unable to find resource 'VM_global_library.vm' in any resource loader.
2015-03-03 18:28:45,215 - Velocimacro : error using  VM library template VM_global_library.vm : org.apache.velocity.exception.ResourceNotFoundException: Unable to find resource 'VM_global_library.vm'
2015-03-03 18:28:45,215 - Velocimacro :  VM library template macro registration complete.
2015-03-03 18:28:45,215 - Velocimacro : allowInline = true : VMs can be defined inline in templates
2015-03-03 18:28:45,215 - Velocimacro : allowInlineToOverride = false : VMs defined inline may NOT replace previous VM definitions
2015-03-03 18:28:45,216 - Velocimacro : allowInlineLocal = false : VMs defined inline will be  global in scope if allowed.
2015-03-03 18:28:45,216 - Velocimacro : messages on  : VM system will output logging messages
2015-03-03 18:28:45,216 - Velocimacro : autoload off  : VM system will not automatically reload global library macros
2015-03-03 18:28:45,216 - Velocimacro : initialization complete.
2015-03-03 18:28:45,216 - Velocity successfully started.
2015-03-03 18:28:46,567 - ResourceManager : found template/flying//FlyingImpl.vm with loader org.apache.velocity.runtime.resource.loader.ClasspathResourceLoader
2015-03-03 18:28:46,571 - ResourceManager : found template/flying//FlyingInterface.vm with loader org.apache.velocity.runtime.resource.loader.ClasspathResourceLoader
2015-03-03 18:28:46,595 - ResourceManager : found template/flying//FlyingClient.vm with loader org.apache.velocity.runtime.resource.loader.ClasspathResourceLoader
2015-03-03 18:33:10,186 - SimpleLog4JLogSystem initialized using logfile 'velocity.log'
2015-03-03 18:33:10,186 - ************************************************************** 
2015-03-03 18:33:10,186 - Starting Jakarta Velocity v1.4-rc1
2015-03-03 18:33:10,186 - RuntimeInstance initializing.
2015-03-03 18:33:10,186 - Default Properties File: org/apache/velocity/runtime/defaults/velocity.properties
2015-03-03 18:33:10,186 - Trying to use logger class org.apache.velocity.runtime.log.AvalonLogSystem
2015-03-03 18:33:10,186 - Couldn't find class org.apache.velocity.runtime.log.AvalonLogSystem or necessary supporting classes in classpath. Exception : java.lang.NoClassDefFoundError: org/apache/log/format/Formatter
2015-03-03 18:33:10,186 - Trying to use logger class org.apache.velocity.runtime.log.SimpleLog4JLogSystem
2015-03-03 18:33:10,186 - Using logger class org.apache.velocity.runtime.log.SimpleLog4JLogSystem
2015-03-03 18:33:10,193 - Default ResourceManager initializing. (class org.apache.velocity.runtime.resource.ResourceManagerImpl)
2015-03-03 18:33:10,196 - Resource Loader Instantiated: org.apache.velocity.runtime.resource.loader.ClasspathResourceLoader
2015-03-03 18:33:10,196 - ClasspathResourceLoader : initialization starting.
2015-03-03 18:33:10,196 - ClasspathResourceLoader : initialization complete.
2015-03-03 18:33:10,200 - ResourceCache : initialized. (class org.apache.velocity.runtime.resource.ResourceCacheImpl)
2015-03-03 18:33:10,200 - Default ResourceManager initialization complete.
2015-03-03 18:33:10,205 - Loaded System Directive: org.apache.velocity.runtime.directive.Literal
2015-03-03 18:33:10,209 - Loaded System Directive: org.apache.velocity.runtime.directive.Macro
2015-03-03 18:33:10,216 - Loaded System Directive: org.apache.velocity.runtime.directive.Parse
2015-03-03 18:33:10,220 - Loaded System Directive: org.apache.velocity.runtime.directive.Include
2015-03-03 18:33:10,222 - Loaded System Directive: org.apache.velocity.runtime.directive.Foreach
2015-03-03 18:33:10,269 - Created: 20 parsers.
2015-03-03 18:33:10,290 - Velocimacro : initialization starting.
2015-03-03 18:33:10,290 - Velocimacro : adding VMs from VM library template : VM_global_library.vm
2015-03-03 18:33:10,295 - ResourceManager : unable to find resource 'VM_global_library.vm' in any resource loader.
2015-03-03 18:33:10,295 - Velocimacro : error using  VM library template VM_global_library.vm : org.apache.velocity.exception.ResourceNotFoundException: Unable to find resource 'VM_global_library.vm'
2015-03-03 18:33:10,295 - Velocimacro :  VM library template macro registration complete.
2015-03-03 18:33:10,295 - Velocimacro : allowInline = true : VMs can be defined inline in templates
2015-03-03 18:33:10,295 - Velocimacro : allowInlineToOverride = false : VMs defined inline may NOT replace previous VM definitions
2015-03-03 18:33:10,295 - Velocimacro : allowInlineLocal = false : VMs defined inline will be  global in scope if allowed.
2015-03-03 18:33:10,295 - Velocimacro : messages on  : VM system will output logging messages
2015-03-03 18:33:10,296 - Velocimacro : autoload off  : VM system will not automatically reload global library macros
2015-03-03 18:33:10,296 - Velocimacro : initialization complete.
2015-03-03 18:33:10,296 - Velocity successfully started.
2015-03-03 18:33:14,823 - ResourceManager : found template/flying//FlyingImpl.vm with loader org.apache.velocity.runtime.resource.loader.ClasspathResourceLoader
2015-03-03 18:33:14,827 - ResourceManager : found template/flying//FlyingInterface.vm with loader org.apache.velocity.runtime.resource.loader.ClasspathResourceLoader
2015-03-03 18:33:14,829 - ResourceManager : found template/flying//FlyingClient.vm with loader org.apache.velocity.runtime.resource.loader.ClasspathResourceLoader
